


ARM Macro Assembler    Page 1 


    1 00000000         ;/*
    2 00000000         ; * File      : context_rvds.S
    3 00000000         ; * This file is part of RT-Thread RTOS
    4 00000000         ; * COPYRIGHT (C) 2009, RT-Thread Development Team
    5 00000000         ; *
    6 00000000         ; * The license and distribution terms for this file may
                        be
    7 00000000         ; * found in the file LICENSE in this distribution or at
                       
    8 00000000         ; * http://www.rt-thread.org/license/LICENSE
    9 00000000         ; *
   10 00000000         ; * Change Logs:
   11 00000000         ; * Date           Author       Notes
   12 00000000         ; * 2010-01-25     Bernard      first version
   13 00000000         ; * 2012-06-01     aozima       set pendsv priority to 0
                       xFF.
   14 00000000         ; * 2012-08-17     aozima       fixed bug: store r8 - r1
                       1.
   15 00000000         ; * 2013-06-18     aozima       add restore MSP feature.
                       
   16 00000000         ; */
   17 00000000         
   18 00000000         ;/**
   19 00000000         ; * @addtogroup CORTEX-M0
   20 00000000         ; */
   21 00000000         ;/*@{*/
   22 00000000         
   23 00000000 E000ED08 
                       SCB_VTOR
                               EQU              0xE000ED08  ; Vector Table Offs
                                                            et Register
   24 00000000 E000ED04 
                       NVIC_INT_CTRL
                               EQU              0xE000ED04  ; interrupt control
                                                             state register
   25 00000000 E000ED20 
                       NVIC_SHPR3
                               EQU              0xE000ED20  ; system priority r
                                                            egister (2)
   26 00000000 00FF0000 
                       NVIC_PENDSV_PRI
                               EQU              0x00FF0000  ; PendSV priority v
                                                            alue (lowest)
   27 00000000 10000000 
                       NVIC_PENDSVSET
                               EQU              0x10000000  ; value to trigger 
                                                            PendSV exception
   28 00000000         
   29 00000000                 AREA             |.text|, CODE, READONLY, ALIGN=
2
   30 00000000                 THUMB
   31 00000000                 REQUIRE8
   32 00000000                 PRESERVE8
   33 00000000         
   34 00000000                 IMPORT           rt_thread_switch_interrupt_flag
   35 00000000                 IMPORT           rt_interrupt_from_thread
   36 00000000                 IMPORT           rt_interrupt_to_thread
   37 00000000         
   38 00000000         ;/*



ARM Macro Assembler    Page 2 


   39 00000000         ; * rt_base_t rt_hw_interrupt_disable();
   40 00000000         ; */
   41 00000000         rt_hw_interrupt_disable
                               PROC
   42 00000000                 EXPORT           rt_hw_interrupt_disable
   43 00000000 F3EF 8010       MRS              r0, PRIMASK
   44 00000004 B672            CPSID            I
   45 00000006 4770            BX               LR
   46 00000008                 ENDP
   47 00000008         
   48 00000008         ;/*
   49 00000008         ; * void rt_hw_interrupt_enable(rt_base_t level);
   50 00000008         ; */
   51 00000008         rt_hw_interrupt_enable
                               PROC
   52 00000008                 EXPORT           rt_hw_interrupt_enable
   53 00000008 F380 8810       MSR              PRIMASK, r0
   54 0000000C 4770            BX               LR
   55 0000000E                 ENDP
   56 0000000E         
   57 0000000E         ;/*
   58 0000000E         ; * void rt_hw_context_switch(rt_uint32 from, rt_uint32 
                       to);
   59 0000000E         ; * r0 --> from
   60 0000000E         ; * r1 --> to
   61 0000000E         ; */
   62 0000000E         rt_hw_context_switch_interrupt
   63 0000000E                 EXPORT           rt_hw_context_switch_interrupt
   64 0000000E         rt_hw_context_switch
                               PROC
   65 0000000E                 EXPORT           rt_hw_context_switch
   66 0000000E         
   67 0000000E         ; set rt_thread_switch_interrupt_flag to 1
   68 0000000E 4A2C            LDR              r2, =rt_thread_switch_interrupt
_flag
   69 00000010 6813            LDR              r3, [r2]
   70 00000012 2B01            CMP              r3, #1
   71 00000014 D003            BEQ              _reswitch
   72 00000016 2301            MOVS             r3, #0x01
   73 00000018 6013            STR              r3, [r2]
   74 0000001A         
   75 0000001A 4A2A            LDR              r2, =rt_interrupt_from_thread ;
                                                             set rt_interrupt_f
                                                            rom_thread
   76 0000001C 6010            STR              r0, [r2]
   77 0000001E         
   78 0000001E         _reswitch
   79 0000001E 4A2A            LDR              r2, =rt_interrupt_to_thread ; s
                                                            et rt_interrupt_to_
                                                            thread
   80 00000020 6011            STR              r1, [r2]
   81 00000022         
   82 00000022 482A            LDR              r0, =NVIC_INT_CTRL ; trigger th
                                                            e PendSV exception 
                                                            (causes context swi
                                                            tch)
   83 00000024 F04F 5180       LDR              r1, =NVIC_PENDSVSET
   84 00000028 6001            STR              r1, [r0]
   85 0000002A 4770            BX               LR



ARM Macro Assembler    Page 3 


   86 0000002C                 ENDP
   87 0000002C         
   88 0000002C         ; r0 --> switch from thread stack
   89 0000002C         ; r1 --> switch to thread stack
   90 0000002C         ; psr, pc, lr, r12, r3, r2, r1, r0 are pushed into [from
                       ] stack
   91 0000002C         PendSV_Handler
                               PROC
   92 0000002C                 EXPORT           PendSV_Handler
   93 0000002C         
   94 0000002C         ; disable interrupt to protect context switch
   95 0000002C F3EF 8210       MRS              r2, PRIMASK
   96 00000030 B672            CPSID            I
   97 00000032         
   98 00000032         ; get rt_thread_switch_interrupt_flag
   99 00000032 4823            LDR              r0, =rt_thread_switch_interrupt
_flag
  100 00000034 6801            LDR              r1, [r0]
  101 00000036 2900            CMP              r1, #0x00
  102 00000038 D01D            BEQ              pendsv_exit ; pendsv already ha
                                                            ndled
  103 0000003A         
  104 0000003A         ; clear rt_thread_switch_interrupt_flag to 0
  105 0000003A 2100            MOVS             r1, #0x00
  106 0000003C 6001            STR              r1, [r0]
  107 0000003E         
  108 0000003E 4821            LDR              r0, =rt_interrupt_from_thread
  109 00000040 6801            LDR              r1, [r0]
  110 00000042 2900            CMP              r1, #0x00
  111 00000044 D00A            BEQ              switch_to_thread ; skip registe
                                                            r save at the first
                                                             time
  112 00000046         
  113 00000046 F3EF 8109       MRS              r1, psp     ; get from thread s
                                                            tack pointer
  114 0000004A         
  115 0000004A 3920            SUBS             r1, r1, #0x20 ; space for {r4 -
                                                             r7} and {r8 - r11}
                                                            
  116 0000004C 6800            LDR              r0, [r0]
  117 0000004E 6001            STR              r1, [r0]    ; update from threa
                                                            d stack pointer
  118 00000050         
  119 00000050 C1F0            STMIA            r1!, {r4 - r7} ; push thread {r
                                                            4 - r7} register to
                                                             thread stack
  120 00000052         
  121 00000052 4644            MOV              r4, r8      ; mov thread {r8 - 
                                                            r11} to {r4 - r7}
  122 00000054 464D            MOV              r5, r9
  123 00000056 4656            MOV              r6, r10
  124 00000058 465F            MOV              r7, r11
  125 0000005A C1F0            STMIA            r1!, {r4 - r7} ; push thread {r
                                                            8 - r11} high regis
                                                            ter to thread stack
                                                            
  126 0000005C         
  127 0000005C         switch_to_thread
  128 0000005C 491A            LDR              r1, =rt_interrupt_to_thread



ARM Macro Assembler    Page 4 


  129 0000005E 6809            LDR              r1, [r1]
  130 00000060 6809            LDR              r1, [r1]    ; load thread stack
                                                             pointer
  131 00000062         
  132 00000062 C9F0            LDMIA            r1!, {r4 - r7} ; pop thread {r4
                                                             - r7} register fro
                                                            m thread stack
  133 00000064 B4F0            PUSH             {r4 - r7}   ; push {r4 - r7} to
                                                             MSP for copy {r8 -
                                                             r11}
  134 00000066         
  135 00000066 C9F0            LDMIA            r1!, {r4 - r7} ; pop thread {r8
                                                             - r11} high regist
                                                            er from thread stac
                                                            k to {r4 - r7}
  136 00000068 46A0            MOV              r8,  r4     ; mov {r4 - r7} to 
                                                            {r8 - r11}
  137 0000006A 46A9            MOV              r9,  r5
  138 0000006C 46B2            MOV              r10, r6
  139 0000006E 46BB            MOV              r11, r7
  140 00000070         
  141 00000070 BCF0            POP              {r4 - r7}   ; pop {r4 - r7} fro
                                                            m MSP
  142 00000072         
  143 00000072 F381 8809       MSR              psp, r1     ; update stack poin
                                                            ter
  144 00000076         
  145 00000076         pendsv_exit
  146 00000076         ; restore interrupt
  147 00000076 F382 8810       MSR              PRIMASK, r2
  148 0000007A         
  149 0000007A 2004            MOVS             r0, #0x04
  150 0000007C 4240            RSBS             r0, r0, #0x00
  151 0000007E 4700            BX               r0
  152 00000080                 ENDP
  153 00000080         
  154 00000080         ;/*
  155 00000080         ; * void rt_hw_context_switch_to(rt_uint32 to);
  156 00000080         ; * r0 --> to
  157 00000080         ; * this fucntion is used to perform the first thread sw
                       itch
  158 00000080         ; */
  159 00000080         rt_hw_context_switch_to
                               PROC
  160 00000080                 EXPORT           rt_hw_context_switch_to
  161 00000080         ; set to thread
  162 00000080 4911            LDR              r1, =rt_interrupt_to_thread
  163 00000082 6008            STR              r0, [r1]
  164 00000084         
  165 00000084         ; set from thread to 0
  166 00000084 490F            LDR              r1, =rt_interrupt_from_thread
  167 00000086 2000            MOVS             r0, #0x0
  168 00000088 6008            STR              r0, [r1]
  169 0000008A         
  170 0000008A         ; set interrupt flag to 1
  171 0000008A 490D            LDR              r1, =rt_thread_switch_interrupt
_flag
  172 0000008C 2001            MOVS             r0, #1
  173 0000008E 6008            STR              r0, [r1]



ARM Macro Assembler    Page 5 


  174 00000090         
  175 00000090         ; set the PendSV exception priority
  176 00000090 480F            LDR              r0, =NVIC_SHPR3
  177 00000092 F44F 017F       LDR              r1, =NVIC_PENDSV_PRI
  178 00000096 6802            LDR              r2, [r0,#0x00] ; read
  179 00000098 4311            ORRS             r1,r1,r2    ; modify
  180 0000009A 6001            STR              r1, [r0]    ; write-back
  181 0000009C         
  182 0000009C         ; trigger the PendSV exception (causes context switch)
  183 0000009C 480B            LDR              r0, =NVIC_INT_CTRL
  184 0000009E F04F 5180       LDR              r1, =NVIC_PENDSVSET
  185 000000A2 6001            STR              r1, [r0]
  186 000000A4         
  187 000000A4         ; restore MSP
  188 000000A4 480B            LDR              r0, =SCB_VTOR
  189 000000A6 6800            LDR              r0, [r0]
  190 000000A8 6800            LDR              r0, [r0]
  191 000000AA F380 8808       MSR              msp, r0
  192 000000AE         
  193 000000AE         ; enable interrupts at processor level
  194 000000AE B662            CPSIE            I
  195 000000B0         
  196 000000B0         ; never reach here!
  197 000000B0                 ENDP
  198 000000B0         
  199 000000B0         ; compatible with old version
  200 000000B0         rt_hw_interrupt_thread_switch
                               PROC
  201 000000B0                 EXPORT           rt_hw_interrupt_thread_switch
  202 000000B0 4770            BX               lr
  203 000000B2                 ENDP
  204 000000B2         
  205 000000B2                 IMPORT           rt_hw_hard_fault_exception
  206 000000B2         
  207 000000B2         HardFault_Handler
                               PROC
  208 000000B2                 EXPORT           HardFault_Handler
  209 000000B2         
  210 000000B2         ; get current context
  211 000000B2 F3EF 8009       MRS              r0, psp     ; get fault thread 
                                                            stack pointer
  212 000000B6 B500            PUSH             {lr}
  213 000000B8 F7FF FFFE       BL               rt_hw_hard_fault_exception
  214 000000BC BD00            POP              {pc}
  215 000000BE                 ENDP
  216 000000BE         
  217 000000BE 00 00           ALIGN            4
  218 000000C0         
  219 000000C0                 END
              00000000 
              00000000 
              00000000 
              E000ED04 
              E000ED20 
              E000ED08 
Command Line: --debug --xref --diag_suppress=9931 --cpu=Cortex-M3 --apcs=interw
ork --depend=.\objects\context_rvds.d -o.\objects\context_rvds.o -IF:\work\Keil
_rtthread_experient\mdk\RTE -ID:\EngineeringSoftware\Keil_core\ARM\PACK\Keil\ST
M32F1xx_DFP\2.2.0 -ID:\EngineeringSoftware\Keil_core\ARM\CMSIS\Include --predef



ARM Macro Assembler    Page 6 


ine="__UVISION_VERSION SETA 514" --predefine="STM32F10X_MD_VL SETA 1" --list=.\
listings\context_rvds.lst ..\cortex-m3\context_rvds.S



ARM Macro Assembler    Page 1 Alphabetic symbol ordering
Relocatable symbols

.text 00000000

Symbol: .text
   Definitions
      At line 29 in file ..\cortex-m3\context_rvds.S
   Uses
      None
Comment: .text unused
HardFault_Handler 000000B2

Symbol: HardFault_Handler
   Definitions
      At line 207 in file ..\cortex-m3\context_rvds.S
   Uses
      At line 208 in file ..\cortex-m3\context_rvds.S
Comment: HardFault_Handler used once
PendSV_Handler 0000002C

Symbol: PendSV_Handler
   Definitions
      At line 91 in file ..\cortex-m3\context_rvds.S
   Uses
      At line 92 in file ..\cortex-m3\context_rvds.S
Comment: PendSV_Handler used once
_reswitch 0000001E

Symbol: _reswitch
   Definitions
      At line 78 in file ..\cortex-m3\context_rvds.S
   Uses
      At line 71 in file ..\cortex-m3\context_rvds.S
Comment: _reswitch used once
pendsv_exit 00000076

Symbol: pendsv_exit
   Definitions
      At line 145 in file ..\cortex-m3\context_rvds.S
   Uses
      At line 102 in file ..\cortex-m3\context_rvds.S
Comment: pendsv_exit used once
rt_hw_context_switch 0000000E

Symbol: rt_hw_context_switch
   Definitions
      At line 64 in file ..\cortex-m3\context_rvds.S
   Uses
      At line 65 in file ..\cortex-m3\context_rvds.S
Comment: rt_hw_context_switch used once
rt_hw_context_switch_interrupt 0000000E

Symbol: rt_hw_context_switch_interrupt
   Definitions
      At line 62 in file ..\cortex-m3\context_rvds.S
   Uses
      At line 63 in file ..\cortex-m3\context_rvds.S
Comment: rt_hw_context_switch_interrupt used once
rt_hw_context_switch_to 00000080

Symbol: rt_hw_context_switch_to



ARM Macro Assembler    Page 2 Alphabetic symbol ordering
Relocatable symbols

   Definitions
      At line 159 in file ..\cortex-m3\context_rvds.S
   Uses
      At line 160 in file ..\cortex-m3\context_rvds.S
Comment: rt_hw_context_switch_to used once
rt_hw_interrupt_disable 00000000

Symbol: rt_hw_interrupt_disable
   Definitions
      At line 41 in file ..\cortex-m3\context_rvds.S
   Uses
      At line 42 in file ..\cortex-m3\context_rvds.S
Comment: rt_hw_interrupt_disable used once
rt_hw_interrupt_enable 00000008

Symbol: rt_hw_interrupt_enable
   Definitions
      At line 51 in file ..\cortex-m3\context_rvds.S
   Uses
      At line 52 in file ..\cortex-m3\context_rvds.S
Comment: rt_hw_interrupt_enable used once
rt_hw_interrupt_thread_switch 000000B0

Symbol: rt_hw_interrupt_thread_switch
   Definitions
      At line 200 in file ..\cortex-m3\context_rvds.S
   Uses
      At line 201 in file ..\cortex-m3\context_rvds.S
Comment: rt_hw_interrupt_thread_switch used once
switch_to_thread 0000005C

Symbol: switch_to_thread
   Definitions
      At line 127 in file ..\cortex-m3\context_rvds.S
   Uses
      At line 111 in file ..\cortex-m3\context_rvds.S
Comment: switch_to_thread used once
12 symbols



ARM Macro Assembler    Page 1 Alphabetic symbol ordering
Absolute symbols

NVIC_INT_CTRL E000ED04

Symbol: NVIC_INT_CTRL
   Definitions
      At line 24 in file ..\cortex-m3\context_rvds.S
   Uses
      At line 82 in file ..\cortex-m3\context_rvds.S
      At line 183 in file ..\cortex-m3\context_rvds.S

NVIC_PENDSVSET 10000000

Symbol: NVIC_PENDSVSET
   Definitions
      At line 27 in file ..\cortex-m3\context_rvds.S
   Uses
      At line 83 in file ..\cortex-m3\context_rvds.S
      At line 184 in file ..\cortex-m3\context_rvds.S

NVIC_PENDSV_PRI 00FF0000

Symbol: NVIC_PENDSV_PRI
   Definitions
      At line 26 in file ..\cortex-m3\context_rvds.S
   Uses
      At line 177 in file ..\cortex-m3\context_rvds.S
Comment: NVIC_PENDSV_PRI used once
NVIC_SHPR3 E000ED20

Symbol: NVIC_SHPR3
   Definitions
      At line 25 in file ..\cortex-m3\context_rvds.S
   Uses
      At line 176 in file ..\cortex-m3\context_rvds.S
Comment: NVIC_SHPR3 used once
SCB_VTOR E000ED08

Symbol: SCB_VTOR
   Definitions
      At line 23 in file ..\cortex-m3\context_rvds.S
   Uses
      At line 188 in file ..\cortex-m3\context_rvds.S
Comment: SCB_VTOR used once
5 symbols



ARM Macro Assembler    Page 1 Alphabetic symbol ordering
External symbols

rt_hw_hard_fault_exception 00000000

Symbol: rt_hw_hard_fault_exception
   Definitions
      At line 205 in file ..\cortex-m3\context_rvds.S
   Uses
      At line 213 in file ..\cortex-m3\context_rvds.S
Comment: rt_hw_hard_fault_exception used once
rt_interrupt_from_thread 00000000

Symbol: rt_interrupt_from_thread
   Definitions
      At line 35 in file ..\cortex-m3\context_rvds.S
   Uses
      At line 75 in file ..\cortex-m3\context_rvds.S
      At line 108 in file ..\cortex-m3\context_rvds.S
      At line 166 in file ..\cortex-m3\context_rvds.S

rt_interrupt_to_thread 00000000

Symbol: rt_interrupt_to_thread
   Definitions
      At line 36 in file ..\cortex-m3\context_rvds.S
   Uses
      At line 79 in file ..\cortex-m3\context_rvds.S
      At line 128 in file ..\cortex-m3\context_rvds.S
      At line 162 in file ..\cortex-m3\context_rvds.S

rt_thread_switch_interrupt_flag 00000000

Symbol: rt_thread_switch_interrupt_flag
   Definitions
      At line 34 in file ..\cortex-m3\context_rvds.S
   Uses
      At line 68 in file ..\cortex-m3\context_rvds.S
      At line 99 in file ..\cortex-m3\context_rvds.S
      At line 171 in file ..\cortex-m3\context_rvds.S

4 symbols
355 symbols in table
